[2019-05-07 16:03:19.984] [exthost] [info] extension host started
[2019-05-07 16:03:20.038] [exthost] [info] ExtensionService#_doActivateExtension vscode.extension-editing {"startup":false,"activationEvent":"onLanguage:typescript"}
[2019-05-07 16:03:20.038] [exthost] [info] ExtensionService#loadCommonJSModule /usr/share/code/resources/app/extensions/extension-editing/dist/extension
[2019-05-07 16:03:20.093] [exthost] [info] ExtensionService#_doActivateExtension vscode.typescript-language-features {"startup":false,"activationEvent":"onLanguage:typescript"}
[2019-05-07 16:03:20.093] [exthost] [info] ExtensionService#loadCommonJSModule /usr/share/code/resources/app/extensions/typescript-language-features/dist/extension
[2019-05-07 16:03:20.161] [exthost] [info] ExtensionService#_doActivateExtension vscode.debug-auto-launch {"startup":true,"activationEvent":"*"}
[2019-05-07 16:03:20.161] [exthost] [info] ExtensionService#loadCommonJSModule /usr/share/code/resources/app/extensions/debug-auto-launch/dist/extension
[2019-05-07 16:03:20.163] [exthost] [info] ExtensionService#_doActivateExtension vscode.emmet {"startup":true,"activationEvent":"*"}
[2019-05-07 16:03:20.163] [exthost] [info] ExtensionService#loadCommonJSModule /usr/share/code/resources/app/extensions/emmet/dist/extension
[2019-05-07 16:03:20.179] [exthost] [info] ExtensionService#_doActivateExtension vscode.git {"startup":true,"activationEvent":"*"}
[2019-05-07 16:03:20.179] [exthost] [info] ExtensionService#loadCommonJSModule /usr/share/code/resources/app/extensions/git/dist/main
[2019-05-07 16:03:20.288] [exthost] [info] ExtensionService#_doActivateExtension vscode.merge-conflict {"startup":true,"activationEvent":"*"}
[2019-05-07 16:03:20.288] [exthost] [info] ExtensionService#loadCommonJSModule /usr/share/code/resources/app/extensions/merge-conflict/dist/extension
[2019-05-07 16:03:20.296] [exthost] [info] ExtensionService#_doActivateExtension formulahendry.auto-close-tag {"startup":true,"activationEvent":"*"}
[2019-05-07 16:03:20.296] [exthost] [info] ExtensionService#loadCommonJSModule /home/admin123/.vscode/extensions/formulahendry.auto-close-tag-0.5.6/out/src/extension
[2019-05-07 16:03:20.298] [exthost] [info] ExtensionService#_doActivateExtension formulahendry.auto-rename-tag {"startup":true,"activationEvent":"*"}
[2019-05-07 16:03:20.298] [exthost] [info] ExtensionService#loadCommonJSModule /home/admin123/.vscode/extensions/formulahendry.auto-rename-tag-0.0.15/out/src/extension
[2019-05-07 16:03:20.299] [exthost] [info] ExtensionService#_doActivateExtension Zignd.html-css-class-completion {"startup":true,"activationEvent":"*"}
[2019-05-07 16:03:20.299] [exthost] [info] ExtensionService#loadCommonJSModule /home/admin123/.vscode/extensions/zignd.html-css-class-completion-1.18.0/out/src/extension
[2019-05-07 16:03:20.607] [exthost] [info] eager extensions activated
[2019-05-07 16:03:27.179] [exthost] [info] ExtensionService#_doActivateExtension vscode.configuration-editing {"startup":false,"activationEvent":"onLanguage:jsonc"}
[2019-05-07 16:03:27.180] [exthost] [info] ExtensionService#loadCommonJSModule /usr/share/code/resources/app/extensions/configuration-editing/dist/extension
[2019-05-07 16:03:27.189] [exthost] [info] ExtensionService#_doActivateExtension vscode.json-language-features {"startup":false,"activationEvent":"onLanguage:jsonc"}
[2019-05-07 16:03:27.189] [exthost] [info] ExtensionService#loadCommonJSModule /usr/share/code/resources/app/extensions/json-language-features/client/dist/jsonMain
[2019-05-07 16:24:17.536] [exthost] [info] ExtensionService#_doActivateExtension vscode.html-language-features {"startup":false,"activationEvent":"onLanguage:html"}
[2019-05-07 16:24:17.536] [exthost] [info] ExtensionService#loadCommonJSModule /usr/share/code/resources/app/extensions/html-language-features/client/dist/htmlMain
