Looking for git in: git
Using git 2.17.1 from git
> git rev-parse --show-toplevel
fatal: not a git repository (or any of the parent directories): .git
> git rev-parse --show-toplevel
> git config --get commit.template
Open repository: /var/www/jwt_laravel_angular/frontend
> git rev-parse --show-toplevel
> git status -z -u
> git symbolic-ref --short HEAD
fatal: not a git repository (or any of the parent directories): .git
> git rev-parse --show-toplevel
> git rev-parse --show-toplevel
fatal: not a git repository (or any of the parent directories): .git
> git rev-parse master
fatal: ambiguous argument 'master': unknown revision or path not in the working tree.
Use '--' to separate paths from revisions, like this:
'git <command> [<revision>...] -- [<file>...]'
> git for-each-ref --format %(refname) %(objectname) --sort -committerdate
> git remote --verbose
> git check-ignore -z --stdin
> git show :src/app/components/login/login.component.ts
> git ls-files --stage -- src/app/components/login/
> git show :src/app/Service/before-login.service.spec.ts
> git ls-files --stage -- src/app/Service/
> git show :src/app/Service/before-login.service.ts
> git ls-files --stage -- src/app/Service/
> git check-ignore -z --stdin
> git show :src/app/Service/after-login.service.ts
> git ls-files --stage -- src/app/Service/
> git check-ignore -z --stdin
> git show :src/app/Service/before-login.service.ts
> git ls-files --stage -- src/app/Service/
> git check-ignore -z --stdin
> git show :src/app/Service/after-login.service.ts
> git ls-files --stage -- src/app/Service/
> git show :src/app/Service/before-login.service.ts
> git ls-files --stage -- src/app/Service/
> git show :src/app/Service/after-login.service.ts
> git ls-files --stage -- src/app/Service/
> git show :src/app/Service/before-login.service.ts
> git ls-files --stage -- src/app/Service/
